INFO [2020-07-21 23:12:11] [[1]]
INFO [2020-07-21 23:12:11] set
INFO [2020-07-21 23:12:11] 
INFO [2020-07-21 23:12:11] $filename
INFO [2020-07-21 23:12:11] NULL
INFO [2020-07-21 23:12:11] 
INFO [2020-07-21 23:12:11] $category.names
INFO [2020-07-21 23:12:11] names(set)
INFO [2020-07-21 23:12:11] 
INFO [2020-07-21 23:12:11] $cat.col
INFO [2020-07-21 23:12:11] col[1:5]
INFO [2020-07-21 23:12:11] 
INFO [2020-07-21 23:12:11] $main
INFO [2020-07-21 23:12:11] paste0("FLEXI RNAs (>= ", CPM_cut_off, " reads)")
INFO [2020-07-21 23:12:11] 
INFO [2020-07-21 23:12:11] $fill
INFO [2020-07-21 23:12:11] col[1:5]
INFO [2020-07-21 23:12:11] 
INFO [2020-07-21 23:12:11] $height
INFO [2020-07-21 23:12:11] [1] 300
INFO [2020-07-21 23:12:11] 
INFO [2020-07-21 23:12:11] $width
INFO [2020-07-21 23:12:11] [1] 300
INFO [2020-07-21 23:12:11] 
INFO [2020-07-21 23:12:11] $units
INFO [2020-07-21 23:12:11] [1] "px"
INFO [2020-07-21 23:12:11] 
INFO [2020-07-21 23:12:11] $cex
INFO [2020-07-21 23:12:11] [1] 1
INFO [2020-07-21 23:12:11] 
INFO [2020-07-21 23:12:11] $cat.pos
INFO [2020-07-21 23:12:11] c(0, 0, 180, 180, 0)
INFO [2020-07-21 23:12:11] 
INFO [2020-07-21 23:12:11] $main.cex
INFO [2020-07-21 23:12:11] [1] 1
INFO [2020-07-21 23:12:11] 
INFO [2020-07-21 23:12:11] $cat.cex
INFO [2020-07-21 23:12:11] [1] 1
INFO [2020-07-21 23:12:11] 
INFO [2020-07-21 23:12:11] [[1]]
INFO [2020-07-21 23:12:11] set
INFO [2020-07-21 23:12:11] 
INFO [2020-07-21 23:12:11] $filename
INFO [2020-07-21 23:12:11] NULL
INFO [2020-07-21 23:12:11] 
INFO [2020-07-21 23:12:11] $category.names
INFO [2020-07-21 23:12:11] names(set)
INFO [2020-07-21 23:12:11] 
INFO [2020-07-21 23:12:11] $cat.col
INFO [2020-07-21 23:12:11] col[1:4]
INFO [2020-07-21 23:12:11] 
INFO [2020-07-21 23:12:11] $fill
INFO [2020-07-21 23:12:11] col[1:4]
INFO [2020-07-21 23:12:11] 
INFO [2020-07-21 23:12:11] $height
INFO [2020-07-21 23:12:11] [1] 300
INFO [2020-07-21 23:12:11] 
INFO [2020-07-21 23:12:11] $width
INFO [2020-07-21 23:12:11] [1] 300
INFO [2020-07-21 23:12:11] 
INFO [2020-07-21 23:12:11] $units
INFO [2020-07-21 23:12:11] [1] "px"
INFO [2020-07-21 23:12:11] 
INFO [2020-07-21 23:12:11] $cex
INFO [2020-07-21 23:12:11] [1] 1
INFO [2020-07-21 23:12:11] 
INFO [2020-07-21 23:12:11] $cat.pos
INFO [2020-07-21 23:12:11] [1] 0
INFO [2020-07-21 23:12:11] 
INFO [2020-07-21 23:12:11] $main.cex
INFO [2020-07-21 23:12:11] [1] 1
INFO [2020-07-21 23:12:11] 
INFO [2020-07-21 23:12:11] $cat.cex
INFO [2020-07-21 23:12:11] [1] 1
INFO [2020-07-21 23:12:11] 
