INFO [2020-07-21 23:12:12] [[1]]
INFO [2020-07-21 23:12:12] set
INFO [2020-07-21 23:12:12] 
INFO [2020-07-21 23:12:12] $filename
INFO [2020-07-21 23:12:12] NULL
INFO [2020-07-21 23:12:12] 
INFO [2020-07-21 23:12:12] $category.names
INFO [2020-07-21 23:12:12] names(set)
INFO [2020-07-21 23:12:12] 
INFO [2020-07-21 23:12:12] $cat.col
INFO [2020-07-21 23:12:12] col[1:5]
INFO [2020-07-21 23:12:12] 
INFO [2020-07-21 23:12:12] $main
INFO [2020-07-21 23:12:12] paste0("FLEXI RNAs (>= ", CPM_cut_off, " reads) containing genes")
INFO [2020-07-21 23:12:12] 
INFO [2020-07-21 23:12:12] $fill
INFO [2020-07-21 23:12:12] col[1:5]
INFO [2020-07-21 23:12:12] 
INFO [2020-07-21 23:12:12] $height
INFO [2020-07-21 23:12:12] [1] 300
INFO [2020-07-21 23:12:12] 
INFO [2020-07-21 23:12:12] $width
INFO [2020-07-21 23:12:12] [1] 300
INFO [2020-07-21 23:12:12] 
INFO [2020-07-21 23:12:12] $units
INFO [2020-07-21 23:12:12] [1] "px"
INFO [2020-07-21 23:12:12] 
INFO [2020-07-21 23:12:12] $cex
INFO [2020-07-21 23:12:12] [1] 1
INFO [2020-07-21 23:12:12] 
INFO [2020-07-21 23:12:12] $cat.pos
INFO [2020-07-21 23:12:12] c(0, 0, 180, 180, 0)
INFO [2020-07-21 23:12:12] 
INFO [2020-07-21 23:12:12] $main.cex
INFO [2020-07-21 23:12:12] [1] 1
INFO [2020-07-21 23:12:12] 
INFO [2020-07-21 23:12:12] $cat.cex
INFO [2020-07-21 23:12:12] [1] 1
INFO [2020-07-21 23:12:12] 
INFO [2020-07-21 23:12:12] [[1]]
INFO [2020-07-21 23:12:12] set
INFO [2020-07-21 23:12:12] 
INFO [2020-07-21 23:12:12] $filename
INFO [2020-07-21 23:12:12] NULL
INFO [2020-07-21 23:12:12] 
INFO [2020-07-21 23:12:12] $category.names
INFO [2020-07-21 23:12:12] names(set)
INFO [2020-07-21 23:12:12] 
INFO [2020-07-21 23:12:12] $cat.col
INFO [2020-07-21 23:12:12] col[1:4]
INFO [2020-07-21 23:12:12] 
INFO [2020-07-21 23:12:12] $fill
INFO [2020-07-21 23:12:12] col[1:4]
INFO [2020-07-21 23:12:12] 
INFO [2020-07-21 23:12:12] $height
INFO [2020-07-21 23:12:12] [1] 300
INFO [2020-07-21 23:12:12] 
INFO [2020-07-21 23:12:12] $width
INFO [2020-07-21 23:12:12] [1] 300
INFO [2020-07-21 23:12:12] 
INFO [2020-07-21 23:12:12] $units
INFO [2020-07-21 23:12:12] [1] "px"
INFO [2020-07-21 23:12:12] 
INFO [2020-07-21 23:12:12] $cex
INFO [2020-07-21 23:12:12] [1] 1
INFO [2020-07-21 23:12:12] 
INFO [2020-07-21 23:12:12] $cat.pos
INFO [2020-07-21 23:12:12] [1] 0
INFO [2020-07-21 23:12:12] 
INFO [2020-07-21 23:12:12] $main.cex
INFO [2020-07-21 23:12:12] [1] 1
INFO [2020-07-21 23:12:12] 
INFO [2020-07-21 23:12:12] $cat.cex
INFO [2020-07-21 23:12:12] [1] 1
INFO [2020-07-21 23:12:12] 
