INFO [2021-03-04 17:16:10] [[1]]
INFO [2021-03-04 17:16:10] set
INFO [2021-03-04 17:16:10] 
INFO [2021-03-04 17:16:10] $filename
INFO [2021-03-04 17:16:10] NULL
INFO [2021-03-04 17:16:10] 
INFO [2021-03-04 17:16:10] $category.names
INFO [2021-03-04 17:16:10] names(set)
INFO [2021-03-04 17:16:10] 
INFO [2021-03-04 17:16:10] $cat.col
INFO [2021-03-04 17:16:10] col[1:5]
INFO [2021-03-04 17:16:10] 
INFO [2021-03-04 17:16:10] $main
INFO [2021-03-04 17:16:10] [1] "Agotrons"
INFO [2021-03-04 17:16:10] 
INFO [2021-03-04 17:16:10] $fill
INFO [2021-03-04 17:16:10] col[1:5]
INFO [2021-03-04 17:16:10] 
INFO [2021-03-04 17:16:10] $height
INFO [2021-03-04 17:16:10] [1] 300
INFO [2021-03-04 17:16:10] 
INFO [2021-03-04 17:16:10] $width
INFO [2021-03-04 17:16:10] [1] 300
INFO [2021-03-04 17:16:10] 
INFO [2021-03-04 17:16:10] $units
INFO [2021-03-04 17:16:10] [1] "px"
INFO [2021-03-04 17:16:10] 
INFO [2021-03-04 17:16:10] $cex
INFO [2021-03-04 17:16:10] [1] 1
INFO [2021-03-04 17:16:10] 
INFO [2021-03-04 17:16:10] $cat.pos
INFO [2021-03-04 17:16:10] c(0, 0, 180, 180, 0)
INFO [2021-03-04 17:16:10] 
INFO [2021-03-04 17:16:10] $main.cex
INFO [2021-03-04 17:16:10] [1] 1
INFO [2021-03-04 17:16:10] 
INFO [2021-03-04 17:16:10] $cat.cex
INFO [2021-03-04 17:16:10] [1] 1
INFO [2021-03-04 17:16:10] 
